<?xml version="1.0" encoding="UTF-8"?>
<testng-results ignored="0" total="1" passed="1" failed="0" skipped="0">
  <reporter-output>
  </reporter-output>
  <suite started-at="2023-05-04T18:31:17 IST" name="Default suite" finished-at="2023-05-04T18:31:17 IST" duration-ms="144">
    <groups>
    </groups>
    <test started-at="2023-05-04T18:31:17 IST" name="Default test" finished-at="2023-05-04T18:31:17 IST" duration-ms="144">
      <class name="demo.practice">
        <test-method signature="pract()[pri:0, instance:demo.practice@4e268090]" started-at="2023-05-04T18:31:17 IST" name="pract" finished-at="2023-05-04T18:31:17 IST" duration-ms="26" status="PASS">
          <reporter-output>
          </reporter-output>
        </test-method> <!-- pract -->
      </class> <!-- demo.practice -->
    </test> <!-- Default test -->
  </suite> <!-- Default suite -->
</testng-results>
